Me/build/outputs/logs/manifest-merger-debug-report.txt
-- Merging decision tree log ---
manifest
ADDED from src\main\AndroidManifest.xml:2:1-349:12
	xmlns:android
		ADDED from src\main\AndroidManifest.xml:2:11-69
	package
		ADDED from src\main\AndroidManifest.xml:3:5-30
		INJECTED from src\main\AndroidManifest.xml
		INJECTED from src\main\AndroidManifest.xml
	android:versionName
		ADDED from src\main\AndroidManifest.xml:5:5-30
		INJECTED from src\main\AndroidManifest.xml
		INJECTED from src\main\AndroidManifest.xml
	android:versionCode
		ADDED from src\main\AndroidManifest.xml:4:5-28
		INJECTED from src\main\AndroidManifest.xml
		INJECTED from src\main\AndroidManifest.xml
uses-sdk
ADDED from src\main\AndroidManifest.xml:7:5-9:41
MERGED from [com.android.support:appcompat-v7:18.0.0] AndroidManifest.xml:18:5-42
	android:targetSdkVersion
		ADDED from src\main\AndroidManifest.xml:9:9-38
		INJECTED from src\main\AndroidManifest.xml
		INJECTED from src\main\AndroidManifest.xml
	android:minSdkVersion
		ADDED from src\main\AndroidManifest.xml:8:9-35
		INJECTED from src\main\AndroidManifest.xml
		INJECTED from src\main\AndroidManifest.xml
uses-permission#android.permission.CAMERA
ADDED from src\main\AndroidManifest.xml:11:5-65
	android:name
		ADDED from src\main\AndroidManifest.xml:11:22-62
uses-permission#android.permission.INTERNET
ADDED from src\main\AndroidManifest.xml:12:5-67
	android:name
		ADDED from src\main\AndroidManifest.xml:12:22-64
uses-permission#android.permission.READ_PHONE_STATE
ADDED from src\main\AndroidManifest.xml:13:5-75
	android:name
		ADDED from src\main\AndroidManifest.xml:13:22-72
uses-permission#android.permission.ACCESS_NETWORK_STATE
ADDED from src\main\AndroidManifest.xml:14:5-79
	android:name
		ADDED from src\main\AndroidManifest.xml:14:22-76
uses-permission#android.permission.READ_CONTACTS
ADDED from src\main\AndroidManifest.xml:15:5-72
	android:name
		ADDED from src\main\AndroidManifest.xml:15:22-69
uses-permission#android.permission.VIBRATE
ADDED from src\main\AndroidManifest.xml:17:5-66
	android:name
		ADDED from src\main\AndroidManifest.xml:17:22-63
uses-permission#android.permission.RECORD_AUDIO
ADDED from src\main\AndroidManifest.xml:19:5-71
	android:name
		ADDED from src\main\AndroidManifest.xml:19:22-68
uses-permission#android.permission.WRITE_EXTERNAL_STORAGE
ADDED from src\main\AndroidManifest.xml:22:5-81
	android:name
		ADDED from src\main\AndroidManifest.xml:22:22-78
uses-permission#android.permission.MOUNT_UNMOUNT_FILESYSTEMS
ADDED from src\main\AndroidManifest.xml:23:5-84
	android:name
		ADDED from src\main\AndroidManifest.xml:23:22-81
uses-permission#android.permission.ACCESS_FINE_LOCATION
ADDED from src\main\AndroidManifest.xml:24:5-79
	android:name
		ADDED from src\main\AndroidManifest.xml:24:22-76
uses-permission#android.permission.GET_TASKS
ADDED from src\main\AndroidManifest.xml:25:5-68
	android:name
		ADDED from src\main\AndroidManifest.xml:25:22-65
uses-permission#android.permission.ACCESS_WIFI_STATE
ADDED from src\main\AndroidManifest.xml:26:5-76
	android:name
		ADDED from src\main\AndroidManifest.xml:26:22-73
uses-permission#android.permission.CHANGE_WIFI_STATE
ADDED from src\main\AndroidManifest.xml:27:5-76
	android:name
		ADDED from src\main\AndroidManifest.xml:27:22-73
uses-permission#android.permission.WAKE_LOCK
ADDED from src\main\AndroidManifest.xml:28:5-68
	android:name
		ADDED from src\main\AndroidManifest.xml:28:22-65
uses-permission#android.permission.MODIFY_AUDIO_SETTINGS
ADDED from src\main\AndroidManifest.xml:29:5-80
	android:name
		ADDED from src\main\AndroidManifest.xml:29:22-77
uses-permission#android.permission.RECEIVE_BOOT_COMPLETED
ADDED from src\main\AndroidManifest.xml:31:5-81
	android:name
		ADDED from src\main\AndroidManifest.xml:31:22-78
uses-permission#android.permission.GET_ACCOUNTS
ADDED from src\main\AndroidManifest.xml:33:5-71
	android:name
		ADDED from src\main\AndroidManifest.xml:33:22-68
uses-permission#android.permission.USE_CREDENTIALS
ADDED from src\main\AndroidManifest.xml:34:5-74
	android:name
		ADDED from src\main\AndroidManifest.xml:34:22-71
uses-permission#android.permission.MANAGE_ACCOUNTS
ADDED from src\main\AndroidManifest.xml:35:5-74
	android:name
		ADDED from src\main\AndroidManifest.xml:35:22-71
uses-permission#android.permission.AUTHENTICATE_ACCOUNTS
ADDED from src\main\AndroidManifest.xml:36:5-80
	android:name
		ADDED from src\main\AndroidManifest.xml:36:22-77
uses-permission#com.android.launcher.permission.READ_SETTINGS
ADDED from src\main\AndroidManifest.xml:37:5-85
	android:name
		ADDED from src\main\AndroidManifest.xml:37:22-82
uses-permission#android.permission.BROADCAST_STICKY
ADDED from src\main\AndroidManifest.xml:38:5-75
	android:name
		ADDED from src\main\AndroidManifest.xml:38:22-72
uses-permission#android.permission.WRITE_SETTINGS
ADDED from src\main\AndroidManifest.xml:39:5-73
	android:name
		ADDED from src\main\AndroidManifest.xml:39:22-70
uses-permission#android.permission.ACCESS_DOWNLOAD_MANAGER
ADDED from src\main\AndroidManifest.xml:42:5-81
	android:name
		ADDED from src\main\AndroidManifest.xml:42:22-79
uses-permission#android.permission.DOWNLOAD_WITHOUT_NOTIFICATION
ADDED from src\main\AndroidManifest.xml:43:5-88
	android:name
		ADDED from src\main\AndroidManifest.xml:43:22-85
uses-permission#android.permission.DISABLE_KEYGUARD
ADDED from src\main\AndroidManifest.xml:44:5-75
	android:name
		ADDED from src\main\AndroidManifest.xml:44:22-72
uses-permission#android.permission.ACCESS_COARSE_LOCATION
ADDED from src\main\AndroidManifest.xml:45:5-81
	android:name
		ADDED from src\main\AndroidManifest.xml:45:22-78
application
ADDED from src\main\AndroidManifest.xml:47:5-347:19
MERGED from [com.android.support:appcompat-v7:18.0.0] AndroidManifest.xml:19:5-20
	android:supportsRtl
		ADDED from src\main\AndroidManifest.xml:53:9-35
	android:label
		ADDED from src\main\AndroidManifest.xml:51:9-27
	android:allowBackup
		ADDED from src\main\AndroidManifest.xml:48:9-35
	android:icon
		ADDED from src\main\AndroidManifest.xml:50:9-36
	android:theme
		ADDED from src\main\AndroidManifest.xml:52:9-40
	android:name
		ADDED from src\main\AndroidManifest.xml:49:9-43
activity#com.yichun.meyq.SplashActivity
ADDED from src\main\AndroidManifest.xml:54:9-64:20
	android:screenOrientation
		ADDED from src\main\AndroidManifest.xml:56:13-49
	android:label
		ADDED from src\main\AndroidManifest.xml:57:13-32
	android:theme
		ADDED from src\main\AndroidManifest.xml:58:13-57
	android:name
		ADDED from src\main\AndroidManifest.xml:55:13-58
intent-filter#android.intent.action.MAIN+android.intent.category.LAUNCHER
ADDED from src\main\AndroidManifest.xml:59:13-63:29
action#android.intent.action.MAIN
ADDED from src\main\AndroidManifest.xml:60:17-69
	android:name
		ADDED from src\main\AndroidManifest.xml:60:25-66
category#android.intent.category.LAUNCHER
ADDED from src\main\AndroidManifest.xml:62:17-77
	android:name
		ADDED from src\main\AndroidManifest.xml:62:27-74
activity#com.yichun.meyq.MainActivity
ADDED from src\main\AndroidManifest.xml:65:9-68:20
	android:screenOrientation
		ADDED from src\main\AndroidManifest.xml:66:58-94
	android:theme
		ADDED from src\main\AndroidManifest.xml:67:13-66
	android:name
		ADDED from src\main\AndroidManifest.xml:66:13-56
activity#com.yichun.meyq.view.activity.LoginActivity
ADDED from src\main\AndroidManifest.xml:69:9-72:20
	android:screenOrientation
		ADDED from src\main\AndroidManifest.xml:70:73-109
	android:theme
		ADDED from src\main\AndroidManifest.xml:71:13-66
	android:name
		ADDED from src\main\AndroidManifest.xml:70:13-71
activity#com.yichun.meyq.view.activity.RegisterActivity
ADDED from src\main\AndroidManifest.xml:73:9-76:20
	android:screenOrientation
		ADDED from src\main\AndroidManifest.xml:74:76-112
	android:theme
		ADDED from src\main\AndroidManifest.xml:75:13-66
	android:name
		ADDED from src\main\AndroidManifest.xml:74:13-74
activity#com.yichun.meyq.view.activity.FriendMsgActivity
ADDED from src\main\AndroidManifest.xml:77:9-80:20
	android:screenOrientation
		ADDED from src\main\AndroidManifest.xml:78:77-113
	android:theme
		ADDED from src\main\AndroidManifest.xml:79:13-66
	android:name
		ADDED from src\main\AndroidManifest.xml:78:13-75
activity#com.yichun.meyq.view.activity.PublishUserListActivity
ADDED from src\main\AndroidManifest.xml:81:9-84:20
	android:screenOrientation
		ADDED from src\main\AndroidManifest.xml:82:83-119
	android:theme
		ADDED from src\main\AndroidManifest.xml:83:13-66
	android:name
		ADDED from src\main\AndroidManifest.xml:82:13-81
activity#com.yichun.meyq.view.activity.PublicActivity
ADDED from src\main\AndroidManifest.xml:85:9-88:20
	android:screenOrientation
		ADDED from src\main\AndroidManifest.xml:86:74-110
	android:theme
		ADDED from src\main\AndroidManifest.xml:87:13-66
	android:name
		ADDED from src\main\AndroidManifest.xml:86:13-72
activity#com.yichun.meyq.view.activity.SearchActivity
ADDED from src\main\AndroidManifest.xml:89:9-92:20
	android:screenOrientation
		ADDED from src\main\AndroidManifest.xml:90:74-110
	android:theme
		ADDED from src\main\AndroidManifest.xml:91:13-66
	android:name
		ADDED from src\main\AndroidManifest.xml:90:13-72
activity#com.yichun.meyq.view.activity.NewFriendsListActivity
ADDED from src\main\AndroidManifest.xml:93:9-96:20
	android:screenOrientation
		ADDED from src\main\AndroidManifest.xml:94:82-118
	android:theme
		ADDED from src\main\AndroidManifest.xml:95:13-66
	android:name
		ADDED from src\main\AndroidManifest.xml:94:13-80
activity#com.yichun.meyq.view.activity.GroupListActivity
ADDED from src\main\AndroidManifest.xml:97:9-100:20
	android:screenOrientation
		ADDED from src\main\AndroidManifest.xml:98:77-113
	android:theme
		ADDED from src\main\AndroidManifest.xml:99:13-66
	android:name
		ADDED from src\main\AndroidManifest.xml:98:13-75
activity#com.yichun.meyq.view.activity.PublishMsgListActivity
ADDED from src\main\AndroidManifest.xml:101:9-104:20
	android:screenOrientation
		ADDED from src\main\AndroidManifest.xml:102:82-118
	android:theme
		ADDED from src\main\AndroidManifest.xml:103:13-57
	android:name
		ADDED from src\main\AndroidManifest.xml:102:13-80
activity#com.yichun.meyq.view.activity.SettingActivity
ADDED from src\main\AndroidManifest.xml:105:9-108:20
	android:screenOrientation
		ADDED from src\main\AndroidManifest.xml:106:75-111
	android:theme
		ADDED from src\main\AndroidManifest.xml:107:13-57
	android:name
		ADDED from src\main\AndroidManifest.xml:106:13-73
activity#com.yichun.meyq.view.activity.AlbumActivity
ADDED from src\main\AndroidManifest.xml:109:9-112:20
	android:screenOrientation
		ADDED from src\main\AndroidManifest.xml:110:73-109
	android:theme
		ADDED from src\main\AndroidManifest.xml:111:13-57
	android:name
		ADDED from src\main\AndroidManifest.xml:110:13-71
activity#com.yichun.meyq.view.activity.PublishMsgDetailActivity
ADDED from src\main\AndroidManifest.xml:113:9-116:20
	android:screenOrientation
		ADDED from src\main\AndroidManifest.xml:114:84-120
	android:theme
		ADDED from src\main\AndroidManifest.xml:115:13-57
	android:name
		ADDED from src\main\AndroidManifest.xml:114:13-82
activity#com.yichun.meyq.view.activity.GetMoneyActivity
ADDED from src\main\AndroidManifest.xml:117:9-120:20
	android:screenOrientation
		ADDED from src\main\AndroidManifest.xml:118:76-112
	android:theme
		ADDED from src\main\AndroidManifest.xml:119:13-57
	android:name
		ADDED from src\main\AndroidManifest.xml:118:13-74
activity#com.yichun.meyq.view.activity.SetMoneyActivity
ADDED from src\main\AndroidManifest.xml:121:9-124:20
	android:screenOrientation
		ADDED from src\main\AndroidManifest.xml:122:76-112
	android:theme
		ADDED from src\main\AndroidManifest.xml:123:13-57
	android:name
		ADDED from src\main\AndroidManifest.xml:122:13-74
activity#com.yichun.meyq.view.activity.AddFromContactActivity
ADDED from src\main\AndroidManifest.xml:125:9-128:20
	android:screenOrientation
		ADDED from src\main\AndroidManifest.xml:126:82-118
	android:theme
		ADDED from src\main\AndroidManifest.xml:127:13-57
	android:name
		ADDED from src\main\AndroidManifest.xml:126:13-80
activity#com.yichun.meyq.view.activity.EditUserNameActivity
ADDED from src\main\AndroidManifest.xml:129:9-132:20
	android:screenOrientation
		ADDED from src\main\AndroidManifest.xml:130:80-116
	android:theme
		ADDED from src\main\AndroidManifest.xml:131:13-57
	android:name
		ADDED from src\main\AndroidManifest.xml:130:13-78
activity#com.yichun.meyq.view.activity.WebViewActivity
ADDED from src\main\AndroidManifest.xml:133:9-139:20
	android:windowSoftInputMode
		ADDED from src\main\AndroidManifest.xml:137:13-72
	android:screenOrientation
		ADDED from src\main\AndroidManifest.xml:135:13-47
	android:configChanges
		ADDED from src\main\AndroidManifest.xml:136:13-85
	android:theme
		ADDED from src\main\AndroidManifest.xml:138:13-57
	android:name
		ADDED from src\main\AndroidManifest.xml:134:13-73
activity#com.yichun.meyq.zxing.CaptureActivity
ADDED from src\main\AndroidManifest.xml:141:9-144:20
	android:screenOrientation
		ADDED from src\main\AndroidManifest.xml:142:67-103
	android:theme
		ADDED from src\main\AndroidManifest.xml:143:13-57
	android:name
		ADDED from src\main\AndroidManifest.xml:142:13-65
activity#com.yichun.meyq.view.activity.MyCodeActivity
ADDED from src\main\AndroidManifest.xml:145:9-148:20
	android:screenOrientation
		ADDED from src\main\AndroidManifest.xml:146:74-110
	android:theme
		ADDED from src\main\AndroidManifest.xml:147:13-57
	android:name
		ADDED from src\main\AndroidManifest.xml:146:13-72
service#com.yichun.meyq.view.UpdateService
ADDED from src\main\AndroidManifest.xml:149:9-78
	android:name
		ADDED from src\main\AndroidManifest.xml:149:18-67
activity#com.yichun.meyq.view.activity.ShareActivity
ADDED from src\main\AndroidManifest.xml:151:9-176:20
	android:label
		ADDED from src\main\AndroidManifest.xml:153:13-45
	android:theme
		ADDED from src\main\AndroidManifest.xml:154:13-57
	android:name
		ADDED from src\main\AndroidManifest.xml:152:13-71
intent-filter#android.intent.action.SEND+android.intent.category.DEFAULT
ADDED from src\main\AndroidManifest.xml:155:13-161:29
action#android.intent.action.SEND
ADDED from src\main\AndroidManifest.xml:156:17-69
	android:name
		ADDED from src\main\AndroidManifest.xml:156:25-66
category#android.intent.category.DEFAULT
ADDED from src\main\AndroidManifest.xml:158:17-76
	android:name
		ADDED from src\main\AndroidManifest.xml:158:27-73
data
ADDED from src\main\AndroidManifest.xml:160:17-52
	android:mimeType
		ADDED from src\main\AndroidManifest.xml:160:23-49
intent-filter#android.intent.action.SEND_MULTIPLE+android.intent.category.DEFAULT
ADDED from src\main\AndroidManifest.xml:169:13-175:29
action#android.intent.action.SEND_MULTIPLE
ADDED from src\main\AndroidManifest.xml:170:17-78
	android:name
		ADDED from src\main\AndroidManifest.xml:170:25-75
activity#com.yichun.meyq.chat.ChatActivity
ADDED from src\main\AndroidManifest.xml:179:9-186:20
	android:windowSoftInputMode
		ADDED from src\main\AndroidManifest.xml:184:13-65
	android:screenOrientation
		ADDED from src\main\AndroidManifest.xml:182:13-49
	android:configChanges
		ADDED from src\main\AndroidManifest.xml:183:13-85
	android:theme
		ADDED from src\main\AndroidManifest.xml:185:13-57
	android:name
		ADDED from src\main\AndroidManifest.xml:180:13-61
	android:launchMode
		ADDED from src\main\AndroidManifest.xml:181:13-43
activity#com.yichun.meyq.view.activity.AddGroupChatActivity
ADDED from src\main\AndroidManifest.xml:187:9-191:20
	android:screenOrientation
		ADDED from src\main\AndroidManifest.xml:189:13-49
	android:theme
		ADDED from src\main\AndroidManifest.xml:190:13-57
	android:name
		ADDED from src\main\AndroidManifest.xml:188:13-78
activity#com.yichun.meyq.view.activity.GroupSettingActivity
ADDED from src\main\AndroidManifest.xml:192:9-196:20
	android:screenOrientation
		ADDED from src\main\AndroidManifest.xml:194:13-49
	android:theme
		ADDED from src\main\AndroidManifest.xml:195:13-57
	android:name
		ADDED from src\main\AndroidManifest.xml:193:13-78
activity#com.yichun.meyq.chat.VoiceCallActivity
ADDED from src\main\AndroidManifest.xml:197:9-201:20
	android:screenOrientation
		ADDED from src\main\AndroidManifest.xml:199:13-49
	android:theme
		ADDED from src\main\AndroidManifest.xml:200:13-57
	android:name
		ADDED from src\main\AndroidManifest.xml:198:13-66
activity#com.yichun.meyq.chat.VideoCallActivity
ADDED from src\main\AndroidManifest.xml:202:9-206:20
	android:screenOrientation
		ADDED from src\main\AndroidManifest.xml:204:13-49
	android:theme
		ADDED from src\main\AndroidManifest.xml:205:13-57
	android:name
		ADDED from src\main\AndroidManifest.xml:203:13-66
activity#com.yichun.meyq.chat.BaiduMapActivity
ADDED from src\main\AndroidManifest.xml:207:9-211:20
	android:screenOrientation
		ADDED from src\main\AndroidManifest.xml:209:13-49
	android:theme
		ADDED from src\main\AndroidManifest.xml:210:13-57
	android:name
		ADDED from src\main\AndroidManifest.xml:208:13-65
activity#com.yichun.meyq.chat.AlertDialog
ADDED from src\main\AndroidManifest.xml:212:9-217:20
	android:screenOrientation
		ADDED from src\main\AndroidManifest.xml:215:13-49
	android:theme
		ADDED from src\main\AndroidManifest.xml:216:13-57
	android:name
		ADDED from src\main\AndroidManifest.xml:213:13-60
activity#com.yichun.meyq.chat.ContextMenu
ADDED from src\main\AndroidManifest.xml:218:9-223:20
	android:screenOrientation
		ADDED from src\main\AndroidManifest.xml:221:13-49
	android:theme
		ADDED from src\main\AndroidManifest.xml:222:13-57
	android:name
		ADDED from src\main\AndroidManifest.xml:219:13-60
activity#com.yichun.meyq.chat.ShowBigImage
ADDED from src\main\AndroidManifest.xml:224:9-229:20
	android:screenOrientation
		ADDED from src\main\AndroidManifest.xml:228:13-49
	android:theme
		ADDED from src\main\AndroidManifest.xml:227:13-57
	android:name
		ADDED from src\main\AndroidManifest.xml:225:13-61
activity#com.yichun.meyq.chat.ShowNormalFileActivity
ADDED from src\main\AndroidManifest.xml:230:9-234:20
	android:screenOrientation
		ADDED from src\main\AndroidManifest.xml:232:13-49
	android:theme
		ADDED from src\main\AndroidManifest.xml:233:13-57
	android:name
		ADDED from src\main\AndroidManifest.xml:231:13-71
activity#com.yichun.meyq.chat.ShowVideoActivity
ADDED from src\main\AndroidManifest.xml:235:9-240:20
	android:windowSoftInputMode
		ADDED from src\main\AndroidManifest.xml:238:13-60
	android:screenOrientation
		ADDED from src\main\AndroidManifest.xml:239:13-49
	android:theme
		ADDED from src\main\AndroidManifest.xml:237:13-57
	android:name
		ADDED from src\main\AndroidManifest.xml:236:13-66
activity#com.yichun.meyq.WebView_XueBa
ADDED from src\main\AndroidManifest.xml:241:9-242:59
	android:theme
		ADDED from src\main\AndroidManifest.xml:242:13-57
	android:name
		ADDED from src\main\AndroidManifest.xml:241:19-63
receiver#com.easemob.chat.StartServiceReceiver
ADDED from src\main\AndroidManifest.xml:245:9-252:20
	android:name
		ADDED from src\main\AndroidManifest.xml:245:19-71
intent-filter#android.intent.action.BOOT_COMPLETED+android.intent.action.QUICKBOOT_POWERON+android.intent.category.LAUNCHER
ADDED from src\main\AndroidManifest.xml:246:13-251:29
	android:priority
		ADDED from src\main\AndroidManifest.xml:246:28-51
action#android.intent.action.BOOT_COMPLETED
ADDED from src\main\AndroidManifest.xml:247:17-79
	android:name
		ADDED from src\main\AndroidManifest.xml:247:25-76
action#android.intent.action.QUICKBOOT_POWERON
ADDED from src\main\AndroidManifest.xml:248:17-82
	android:name
		ADDED from src\main\AndroidManifest.xml:248:25-79
meta-data#EASEMOB_APPKEY
ADDED from src\main\AndroidManifest.xml:256:9-258:43
	android:name
		ADDED from src\main\AndroidManifest.xml:257:13-42
	android:value
		ADDED from src\main\AndroidManifest.xml:258:13-40
service#com.easemob.chat.EMChatService
ADDED from src\main\AndroidManifest.xml:260:9-66
	android:name
		ADDED from src\main\AndroidManifest.xml:260:18-63
service#com.baidu.location.f
ADDED from src\main\AndroidManifest.xml:263:9-267:15
	android:process
		ADDED from src\main\AndroidManifest.xml:266:13-38
	android:enabled
		ADDED from src\main\AndroidManifest.xml:265:13-35
	android:name
		ADDED from src\main\AndroidManifest.xml:264:13-48
meta-data#UMENG_APPKEY
ADDED from src\main\AndroidManifest.xml:269:9-272:21
	android:name
		ADDED from src\main\AndroidManifest.xml:270:13-40
	android:value
		ADDED from src\main\AndroidManifest.xml:271:13-53
meta-data#com.baidu.lbsapi.API_KEY
ADDED from src\main\AndroidManifest.xml:273:9-275:64
	android:name
		ADDED from src\main\AndroidManifest.xml:274:13-52
	android:value
		ADDED from src\main\AndroidManifest.xml:275:13-61
service#com.baidu.android.pushservice.CommandService
ADDED from src\main\AndroidManifest.xml:291:9-293:39
	android:exported
		ADDED from src\main\AndroidManifest.xml:293:13-36
	android:name
		ADDED from src\main\AndroidManifest.xml:292:13-72
receiver#com.baidu.android.pushservice.PushServiceReceiver
ADDED from src\main\AndroidManifest.xml:294:9-302:20
	android:process
		ADDED from src\main\AndroidManifest.xml:295:13-44
	android:name
		ADDED from src\main\AndroidManifest.xml:294:19-83
intent-filter#android.intent.action.BOOT_COMPLETED+android.net.conn.CONNECTIVITY_CHANGE+com.baidu.android.pushservice.action.media.CLICK+com.baidu.android.pushservice.action.notification.SHOW
ADDED from src\main\AndroidManifest.xml:296:13-301:29
action#android.net.conn.CONNECTIVITY_CHANGE
ADDED from src\main\AndroidManifest.xml:298:17-79
	android:name
		ADDED from src\main\AndroidManifest.xml:298:25-76
action#com.baidu.android.pushservice.action.notification.SHOW
ADDED from src\main\AndroidManifest.xml:299:17-97
	android:name
		ADDED from src\main\AndroidManifest.xml:299:25-94
action#com.baidu.android.pushservice.action.media.CLICK
ADDED from src\main\AndroidManifest.xml:300:17-91
	android:name
		ADDED from src\main\AndroidManifest.xml:300:25-88
receiver#com.yichun.meyq.PushMessageReceiver
ADDED from src\main\AndroidManifest.xml:304:9-312:20
	android:name
		ADDED from src\main\AndroidManifest.xml:304:19-69
intent-filter#com.baidu.android.pushservice.action.MESSAGE+com.baidu.android.pushservice.action.RECEIVE+com.baidu.android.pushservice.action.notification.CLICK
ADDED from src\main\AndroidManifest.xml:305:13-311:29
action#com.baidu.android.pushservice.action.MESSAGE
ADDED from src\main\AndroidManifest.xml:307:17-87
	android:name
		ADDED from src\main\AndroidManifest.xml:307:25-84
action#com.baidu.android.pushservice.action.RECEIVE
ADDED from src\main\AndroidManifest.xml:309:17-87
	android:name
		ADDED from src\main\AndroidManifest.xml:309:25-84
action#com.baidu.android.pushservice.action.notification.CLICK
ADDED from src\main\AndroidManifest.xml:310:17-98
	android:name
		ADDED from src\main\AndroidManifest.xml:310:25-95
meta-data#api_key
ADDED from src\main\AndroidManifest.xml:346:9-86
	android:name
		ADDED from src\main\AndroidManifest.xml:346:20-42
	android:value
		ADDED from src\main\AndroidManifest.xml:346:43-83